[ 2018-07-28T10:03:40+08:00 ] ::1 /
INFO: [ app_init ] --START--
INFO: Run Behavior\BuildLiteBehavior [ RunTime:0.000000s ]
INFO: [ app_init ] --END-- [ RunTime:0.001000s ]
INFO: [ app_begin ] --START--
INFO: Run Behavior\ReadHtmlCacheBehavior [ RunTime:0.001000s ]
INFO: [ app_begin ] --END-- [ RunTime:0.001000s ]
ERR: SQLSTATE[HY000] [1045] Access denied for user 'root'@'localhost' (using password: YES)

[ 2018-07-28T10:04:47+08:00 ] ::1 /
INFO: [ app_init ] --START--
INFO: Run Behavior\BuildLiteBehavior [ RunTime:0.000000s ]
INFO: [ app_init ] --END-- [ RunTime:0.000000s ]
INFO: [ app_begin ] --START--
INFO: Run Behavior\ReadHtmlCacheBehavior [ RunTime:0.001000s ]
INFO: [ app_begin ] --END-- [ RunTime:0.001000s ]
ERR: SQLSTATE[HY000] [1045] Access denied for user 'root'@'localhost' (using password: YES)

[ 2018-07-28T10:17:13+08:00 ] ::1 /
INFO: [ app_init ] --START--
INFO: Run Behavior\BuildLiteBehavior [ RunTime:0.000000s ]
INFO: [ app_init ] --END-- [ RunTime:0.000000s ]
INFO: [ app_begin ] --START--
INFO: Run Behavior\ReadHtmlCacheBehavior [ RunTime:0.001000s ]
INFO: [ app_begin ] --END-- [ RunTime:0.001000s ]
ERR: SQLSTATE[HY000] [1045] Access denied for user 'root'@'localhost' (using password: YES)

[ 2018-07-28T11:11:25+08:00 ] ::1 /
INFO: [ app_init ] --START--
INFO: Run Behavior\BuildLiteBehavior [ RunTime:0.000000s ]
INFO: [ app_init ] --END-- [ RunTime:0.001000s ]
INFO: [ app_begin ] --START--
INFO: Run Behavior\ReadHtmlCacheBehavior [ RunTime:0.001000s ]
INFO: [ app_begin ] --END-- [ RunTime:0.001000s ]
SQL: SHOW COLUMNS FROM `ykj_cate` [ RunTime:0.0040s ]
SQL: SELECT * FROM `ykj_cate` ORDER BY sort desc  [ RunTime:0.0000s ]
SQL: SHOW COLUMNS FROM `ykj_link` [ RunTime:0.0040s ]
SQL: SELECT * FROM `ykj_link` ORDER BY sort desc  [ RunTime:0.0000s ]
SQL: SHOW COLUMNS FROM `ykj_article` [ RunTime:0.0050s ]
SQL: SELECT * FROM `ykj_article` ORDER BY time desc LIMIT 4   [ RunTime:0.0000s ]
SQL: SELECT COUNT(*) AS tp_count FROM `ykj_article` LIMIT 1   [ RunTime:0.0000s ]
SQL: SELECT * FROM `ykj_article` ORDER BY time desc LIMIT 0,2   [ RunTime:0.0000s ]
INFO: [ view_parse ] --START--
INFO: [ template_filter ] --START--
INFO: Run Behavior\ContentReplaceBehavior [ RunTime:0.000000s ]
INFO: [ template_filter ] --END-- [ RunTime:0.000000s ]
NOTIC: [8] Undefined variable: current D:\xampp\htdocs\Application\Runtime\Cache\Home\2a94b8bda04ff446dcedd42276fc99ee.php 第 43 行.
NOTIC: [8] Undefined variable: current D:\xampp\htdocs\Application\Runtime\Cache\Home\2a94b8bda04ff446dcedd42276fc99ee.php 第 43 行.
NOTIC: [8] Undefined variable: current D:\xampp\htdocs\Application\Runtime\Cache\Home\2a94b8bda04ff446dcedd42276fc99ee.php 第 43 行.
NOTIC: [8] Undefined variable: current D:\xampp\htdocs\Application\Runtime\Cache\Home\2a94b8bda04ff446dcedd42276fc99ee.php 第 43 行.
NOTIC: [8] Undefined variable: current D:\xampp\htdocs\Application\Runtime\Cache\Home\2a94b8bda04ff446dcedd42276fc99ee.php 第 43 行.
NOTIC: [8] Undefined variable: current D:\xampp\htdocs\Application\Runtime\Cache\Home\2a94b8bda04ff446dcedd42276fc99ee.php 第 43 行.
INFO: Run Behavior\ParseTemplateBehavior [ RunTime:0.008000s ]
INFO: [ view_parse ] --END-- [ RunTime:0.008000s ]
INFO: [ view_filter ] --START--
INFO: Run Behavior\WriteHtmlCacheBehavior [ RunTime:0.000000s ]
INFO: [ view_filter ] --END-- [ RunTime:0.000000s ]
INFO: [ app_end ] --START--
INFO: Run Behavior\ShowPageTraceBehavior [ RunTime:0.001000s ]
INFO: [ app_end ] --END-- [ RunTime:0.001000s ]

[ 2018-07-28T11:11:43+08:00 ] ::1 /index.php/Home/Index/index/p/2.html
INFO: [ app_init ] --START--
INFO: Run Behavior\BuildLiteBehavior [ RunTime:0.000000s ]
INFO: [ app_init ] --END-- [ RunTime:0.001000s ]
INFO: [ app_begin ] --START--
INFO: Run Behavior\ReadHtmlCacheBehavior [ RunTime:0.001000s ]
INFO: [ app_begin ] --END-- [ RunTime:0.001000s ]
SQL: SHOW COLUMNS FROM `ykj_cate` [ RunTime:0.0070s ]
SQL: SELECT * FROM `ykj_cate` ORDER BY sort desc  [ RunTime:0.0010s ]
SQL: SHOW COLUMNS FROM `ykj_link` [ RunTime:0.0070s ]
SQL: SELECT * FROM `ykj_link` ORDER BY sort desc  [ RunTime:0.0000s ]
SQL: SHOW COLUMNS FROM `ykj_article` [ RunTime:0.0080s ]
SQL: SELECT * FROM `ykj_article` ORDER BY time desc LIMIT 4   [ RunTime:0.0000s ]
SQL: SELECT COUNT(*) AS tp_count FROM `ykj_article` LIMIT 1   [ RunTime:0.0000s ]
SQL: SELECT * FROM `ykj_article` ORDER BY time desc LIMIT 2,2   [ RunTime:0.0000s ]
INFO: [ view_parse ] --START--
INFO: [ template_filter ] --START--
INFO: Run Behavior\ContentReplaceBehavior [ RunTime:0.000000s ]
INFO: [ template_filter ] --END-- [ RunTime:0.000000s ]
NOTIC: [8] Undefined variable: current D:\xampp\htdocs\Application\Runtime\Cache\Home\2a94b8bda04ff446dcedd42276fc99ee.php 第 43 行.
NOTIC: [8] Undefined variable: current D:\xampp\htdocs\Application\Runtime\Cache\Home\2a94b8bda04ff446dcedd42276fc99ee.php 第 43 行.
NOTIC: [8] Undefined variable: current D:\xampp\htdocs\Application\Runtime\Cache\Home\2a94b8bda04ff446dcedd42276fc99ee.php 第 43 行.
NOTIC: [8] Undefined variable: current D:\xampp\htdocs\Application\Runtime\Cache\Home\2a94b8bda04ff446dcedd42276fc99ee.php 第 43 行.
NOTIC: [8] Undefined variable: current D:\xampp\htdocs\Application\Runtime\Cache\Home\2a94b8bda04ff446dcedd42276fc99ee.php 第 43 行.
NOTIC: [8] Undefined variable: current D:\xampp\htdocs\Application\Runtime\Cache\Home\2a94b8bda04ff446dcedd42276fc99ee.php 第 43 行.
INFO: Run Behavior\ParseTemplateBehavior [ RunTime:0.011001s ]
INFO: [ view_parse ] --END-- [ RunTime:0.011001s ]
INFO: [ view_filter ] --START--
INFO: Run Behavior\WriteHtmlCacheBehavior [ RunTime:0.000000s ]
INFO: [ view_filter ] --END-- [ RunTime:0.000000s ]
INFO: [ app_end ] --START--
INFO: Run Behavior\ShowPageTraceBehavior [ RunTime:0.000000s ]
INFO: [ app_end ] --END-- [ RunTime:0.001000s ]

[ 2018-07-28T11:11:43+08:00 ] ::1 /index.php/Home/Index/index/p/Public/Uploads/2016-08-29/57c3a431ae8d6.jpg
INFO: [ app_init ] --START--
INFO: Run Behavior\BuildLiteBehavior [ RunTime:0.000000s ]
INFO: [ app_init ] --END-- [ RunTime:0.001000s ]

[ 2018-07-28T11:11:43+08:00 ] ::1 /index.php/Home/Index/index/p/Public/Uploads/2016-08-29/57c3a3ea965dc.jpg
INFO: [ app_init ] --START--
INFO: Run Behavior\BuildLiteBehavior [ RunTime:0.000000s ]
INFO: [ app_init ] --END-- [ RunTime:0.000000s ]

[ 2018-07-28T11:11:45+08:00 ] ::1 /index.php/Home/Index/index/p/3.html
INFO: [ app_init ] --START--
INFO: Run Behavior\BuildLiteBehavior [ RunTime:0.000000s ]
INFO: [ app_init ] --END-- [ RunTime:0.000000s ]
INFO: [ app_begin ] --START--
INFO: Run Behavior\ReadHtmlCacheBehavior [ RunTime:0.000000s ]
INFO: [ app_begin ] --END-- [ RunTime:0.001000s ]
SQL: SHOW COLUMNS FROM `ykj_cate` [ RunTime:0.0070s ]
SQL: SELECT * FROM `ykj_cate` ORDER BY sort desc  [ RunTime:0.0010s ]
SQL: SHOW COLUMNS FROM `ykj_link` [ RunTime:0.0080s ]
SQL: SELECT * FROM `ykj_link` ORDER BY sort desc  [ RunTime:0.0000s ]
SQL: SHOW COLUMNS FROM `ykj_article` [ RunTime:0.0070s ]
SQL: SELECT * FROM `ykj_article` ORDER BY time desc LIMIT 4   [ RunTime:0.0000s ]
SQL: SELECT COUNT(*) AS tp_count FROM `ykj_article` LIMIT 1   [ RunTime:0.0000s ]
SQL: SELECT * FROM `ykj_article` ORDER BY time desc LIMIT 4,2   [ RunTime:0.0000s ]
INFO: [ view_parse ] --START--
INFO: [ template_filter ] --START--
INFO: Run Behavior\ContentReplaceBehavior [ RunTime:0.000000s ]
INFO: [ template_filter ] --END-- [ RunTime:0.000000s ]
NOTIC: [8] Undefined variable: current D:\xampp\htdocs\Application\Runtime\Cache\Home\2a94b8bda04ff446dcedd42276fc99ee.php 第 43 行.
NOTIC: [8] Undefined variable: current D:\xampp\htdocs\Application\Runtime\Cache\Home\2a94b8bda04ff446dcedd42276fc99ee.php 第 43 行.
NOTIC: [8] Undefined variable: current D:\xampp\htdocs\Application\Runtime\Cache\Home\2a94b8bda04ff446dcedd42276fc99ee.php 第 43 行.
NOTIC: [8] Undefined variable: current D:\xampp\htdocs\Application\Runtime\Cache\Home\2a94b8bda04ff446dcedd42276fc99ee.php 第 43 行.
NOTIC: [8] Undefined variable: current D:\xampp\htdocs\Application\Runtime\Cache\Home\2a94b8bda04ff446dcedd42276fc99ee.php 第 43 行.
NOTIC: [8] Undefined variable: current D:\xampp\htdocs\Application\Runtime\Cache\Home\2a94b8bda04ff446dcedd42276fc99ee.php 第 43 行.
INFO: Run Behavior\ParseTemplateBehavior [ RunTime:0.011000s ]
INFO: [ view_parse ] --END-- [ RunTime:0.011000s ]
INFO: [ view_filter ] --START--
INFO: Run Behavior\WriteHtmlCacheBehavior [ RunTime:0.000000s ]
INFO: [ view_filter ] --END-- [ RunTime:0.000000s ]
INFO: [ app_end ] --START--
INFO: Run Behavior\ShowPageTraceBehavior [ RunTime:0.000000s ]
INFO: [ app_end ] --END-- [ RunTime:0.000000s ]

[ 2018-07-28T11:11:45+08:00 ] ::1 /index.php/Home/Index/index/p/Public/Uploads/2016-08-29/57c3a38d647b1.jpg
INFO: [ app_init ] --START--
INFO: Run Behavior\BuildLiteBehavior [ RunTime:0.000000s ]
INFO: [ app_init ] --END-- [ RunTime:0.001000s ]

[ 2018-07-28T11:11:45+08:00 ] ::1 /index.php/Home/Index/index/p/Public/Uploads/2016-08-29/57c3a3b737a78.jpg
INFO: [ app_init ] --START--
INFO: Run Behavior\BuildLiteBehavior [ RunTime:0.000000s ]
INFO: [ app_init ] --END-- [ RunTime:0.000000s ]

[ 2018-07-28T11:12:29+08:00 ] ::1 /index.php/Home/Article/index/id/8
INFO: [ app_init ] --START--
INFO: Run Behavior\BuildLiteBehavior [ RunTime:0.000000s ]
INFO: [ app_init ] --END-- [ RunTime:0.001000s ]
INFO: [ app_begin ] --START--
INFO: Run Behavior\ReadHtmlCacheBehavior [ RunTime:0.000000s ]
INFO: [ app_begin ] --END-- [ RunTime:0.000000s ]
SQL: SHOW COLUMNS FROM `ykj_cate` [ RunTime:0.0070s ]
SQL: SELECT * FROM `ykj_cate` ORDER BY sort desc  [ RunTime:0.0010s ]
SQL: SHOW COLUMNS FROM `ykj_link` [ RunTime:0.0040s ]
SQL: SELECT * FROM `ykj_link` ORDER BY sort desc  [ RunTime:0.0000s ]
SQL: SHOW COLUMNS FROM `ykj_article` [ RunTime:0.0050s ]
SQL: SELECT * FROM `ykj_article` ORDER BY time desc LIMIT 4   [ RunTime:0.0000s ]
SQL: SELECT * FROM `ykj_article` WHERE `id` = 8 LIMIT 1   [ RunTime:0.0010s ]
SQL: SELECT * FROM `ykj_cate` WHERE `id` = 1 LIMIT 1   [ RunTime:0.0000s ]
SQL: SELECT * FROM `ykj_article` WHERE `id` = 8 LIMIT 1   [ RunTime:0.0000s ]
SQL: SELECT * FROM `ykj_article` WHERE ( id<8 ) AND `cateid` = 1 ORDER BY id desc LIMIT 1   [ RunTime:0.0000s ]
SQL: SELECT * FROM `ykj_article` WHERE ( id>8 ) AND `cateid` = 1 ORDER BY id asc LIMIT 1   [ RunTime:0.0010s ]
INFO: [ view_parse ] --START--
INFO: [ template_filter ] --START--
INFO: Run Behavior\ContentReplaceBehavior [ RunTime:0.000000s ]
INFO: [ template_filter ] --END-- [ RunTime:0.000000s ]
NOTIC: [8] Undefined variable: current D:\xampp\htdocs\Application\Runtime\Cache\Home\2ac6c1276904b87404ed678dbabb985c.php 第 48 行.
NOTIC: [8] Undefined variable: current D:\xampp\htdocs\Application\Runtime\Cache\Home\2ac6c1276904b87404ed678dbabb985c.php 第 48 行.
NOTIC: [8] Undefined variable: current D:\xampp\htdocs\Application\Runtime\Cache\Home\2ac6c1276904b87404ed678dbabb985c.php 第 48 行.
NOTIC: [8] Undefined variable: current D:\xampp\htdocs\Application\Runtime\Cache\Home\2ac6c1276904b87404ed678dbabb985c.php 第 48 行.
NOTIC: [8] Undefined variable: current D:\xampp\htdocs\Application\Runtime\Cache\Home\2ac6c1276904b87404ed678dbabb985c.php 第 48 行.
NOTIC: [8] Undefined variable: current D:\xampp\htdocs\Application\Runtime\Cache\Home\2ac6c1276904b87404ed678dbabb985c.php 第 48 行.
INFO: Run Behavior\ParseTemplateBehavior [ RunTime:0.009001s ]
INFO: [ view_parse ] --END-- [ RunTime:0.009001s ]
INFO: [ view_filter ] --START--
INFO: Run Behavior\WriteHtmlCacheBehavior [ RunTime:0.000000s ]
INFO: [ view_filter ] --END-- [ RunTime:0.000000s ]
INFO: [ app_end ] --START--
INFO: Run Behavior\ShowPageTraceBehavior [ RunTime:0.001000s ]
INFO: [ app_end ] --END-- [ RunTime:0.001000s ]

[ 2018-07-28T11:12:29+08:00 ] ::1 /index.php/Home/Article/index/id/Public/Uploads/2016-08-29/57c3a38d647b1.jpg
INFO: [ app_init ] --START--
INFO: Run Behavior\BuildLiteBehavior [ RunTime:0.000000s ]
INFO: [ app_init ] --END-- [ RunTime:0.000000s ]

[ 2018-07-28T11:12:29+08:00 ] ::1 /index.php/Home/Article/index/id/Public/Uploads/2016-08-29/57c3a38d647b1.jpg
INFO: [ app_init ] --START--
INFO: Run Behavior\BuildLiteBehavior [ RunTime:0.000000s ]
INFO: [ app_init ] --END-- [ RunTime:0.000000s ]

[ 2018-07-28T11:12:38+08:00 ] ::1 /index.php/Home/Article/index/id/9
INFO: [ app_init ] --START--
INFO: Run Behavior\BuildLiteBehavior [ RunTime:0.000000s ]
INFO: [ app_init ] --END-- [ RunTime:0.001000s ]
INFO: [ app_begin ] --START--
INFO: Run Behavior\ReadHtmlCacheBehavior [ RunTime:0.001000s ]
INFO: [ app_begin ] --END-- [ RunTime:0.001000s ]
SQL: SHOW COLUMNS FROM `ykj_cate` [ RunTime:0.0070s ]
SQL: SELECT * FROM `ykj_cate` ORDER BY sort desc  [ RunTime:0.0010s ]
SQL: SHOW COLUMNS FROM `ykj_link` [ RunTime:0.0070s ]
SQL: SELECT * FROM `ykj_link` ORDER BY sort desc  [ RunTime:0.0000s ]
SQL: SHOW COLUMNS FROM `ykj_article` [ RunTime:0.0080s ]
SQL: SELECT * FROM `ykj_article` ORDER BY time desc LIMIT 4   [ RunTime:0.0000s ]
SQL: SELECT * FROM `ykj_article` WHERE `id` = 9 LIMIT 1   [ RunTime:0.0000s ]
SQL: SELECT * FROM `ykj_cate` WHERE `id` = 1 LIMIT 1   [ RunTime:0.0000s ]
SQL: SELECT * FROM `ykj_article` WHERE `id` = 9 LIMIT 1   [ RunTime:0.0000s ]
SQL: SELECT * FROM `ykj_article` WHERE ( id<9 ) AND `cateid` = 1 ORDER BY id desc LIMIT 1   [ RunTime:0.0000s ]
SQL: SELECT * FROM `ykj_article` WHERE ( id>9 ) AND `cateid` = 1 ORDER BY id asc LIMIT 1   [ RunTime:0.0010s ]
INFO: [ view_parse ] --START--
INFO: [ template_filter ] --START--
INFO: Run Behavior\ContentReplaceBehavior [ RunTime:0.000000s ]
INFO: [ template_filter ] --END-- [ RunTime:0.000000s ]
NOTIC: [8] Undefined variable: current D:\xampp\htdocs\Application\Runtime\Cache\Home\2ac6c1276904b87404ed678dbabb985c.php 第 48 行.
NOTIC: [8] Undefined variable: current D:\xampp\htdocs\Application\Runtime\Cache\Home\2ac6c1276904b87404ed678dbabb985c.php 第 48 行.
NOTIC: [8] Undefined variable: current D:\xampp\htdocs\Application\Runtime\Cache\Home\2ac6c1276904b87404ed678dbabb985c.php 第 48 行.
NOTIC: [8] Undefined variable: current D:\xampp\htdocs\Application\Runtime\Cache\Home\2ac6c1276904b87404ed678dbabb985c.php 第 48 行.
NOTIC: [8] Undefined variable: current D:\xampp\htdocs\Application\Runtime\Cache\Home\2ac6c1276904b87404ed678dbabb985c.php 第 48 行.
NOTIC: [8] Undefined variable: current D:\xampp\htdocs\Application\Runtime\Cache\Home\2ac6c1276904b87404ed678dbabb985c.php 第 48 行.
INFO: Run Behavior\ParseTemplateBehavior [ RunTime:0.010001s ]
INFO: [ view_parse ] --END-- [ RunTime:0.010001s ]
INFO: [ view_filter ] --START--
INFO: Run Behavior\WriteHtmlCacheBehavior [ RunTime:0.001000s ]
INFO: [ view_filter ] --END-- [ RunTime:0.001000s ]
INFO: [ app_end ] --START--
INFO: Run Behavior\ShowPageTraceBehavior [ RunTime:0.000000s ]
INFO: [ app_end ] --END-- [ RunTime:0.001000s ]

[ 2018-07-28T11:12:38+08:00 ] ::1 /index.php/Home/Article/index/id/Public/Uploads/2016-08-29/57c3a3b737a78.jpg
INFO: [ app_init ] --START--
INFO: Run Behavior\BuildLiteBehavior [ RunTime:0.000000s ]
INFO: [ app_init ] --END-- [ RunTime:0.001000s ]

[ 2018-07-28T11:12:38+08:00 ] ::1 /index.php/Home/Article/index/id/Public/Uploads/2016-08-29/57c3a3b737a78.jpg
INFO: [ app_init ] --START--
INFO: Run Behavior\BuildLiteBehavior [ RunTime:0.000000s ]
INFO: [ app_init ] --END-- [ RunTime:0.001000s ]

[ 2018-07-28T11:12:41+08:00 ] ::1 /index.php/Home/Article/index/id/9
INFO: [ app_init ] --START--
INFO: Run Behavior\BuildLiteBehavior [ RunTime:0.000000s ]
INFO: [ app_init ] --END-- [ RunTime:0.000000s ]
INFO: [ app_begin ] --START--
INFO: Run Behavior\ReadHtmlCacheBehavior [ RunTime:0.001000s ]
INFO: [ app_begin ] --END-- [ RunTime:0.001000s ]
SQL: SHOW COLUMNS FROM `ykj_cate` [ RunTime:0.0050s ]
SQL: SELECT * FROM `ykj_cate` ORDER BY sort desc  [ RunTime:0.0000s ]
SQL: SHOW COLUMNS FROM `ykj_link` [ RunTime:0.0060s ]
SQL: SELECT * FROM `ykj_link` ORDER BY sort desc  [ RunTime:0.0000s ]
SQL: SHOW COLUMNS FROM `ykj_article` [ RunTime:0.0060s ]
SQL: SELECT * FROM `ykj_article` ORDER BY time desc LIMIT 4   [ RunTime:0.0000s ]
SQL: SELECT * FROM `ykj_article` WHERE `id` = 9 LIMIT 1   [ RunTime:0.0000s ]
SQL: SELECT * FROM `ykj_cate` WHERE `id` = 1 LIMIT 1   [ RunTime:0.0000s ]
SQL: SELECT * FROM `ykj_article` WHERE `id` = 9 LIMIT 1   [ RunTime:0.0000s ]
SQL: SELECT * FROM `ykj_article` WHERE ( id<9 ) AND `cateid` = 1 ORDER BY id desc LIMIT 1   [ RunTime:0.0000s ]
SQL: SELECT * FROM `ykj_article` WHERE ( id>9 ) AND `cateid` = 1 ORDER BY id asc LIMIT 1   [ RunTime:0.0010s ]
INFO: [ view_parse ] --START--
INFO: [ template_filter ] --START--
INFO: Run Behavior\ContentReplaceBehavior [ RunTime:0.000000s ]
INFO: [ template_filter ] --END-- [ RunTime:0.000000s ]
NOTIC: [8] Undefined variable: current D:\xampp\htdocs\Application\Runtime\Cache\Home\2ac6c1276904b87404ed678dbabb985c.php 第 48 行.
NOTIC: [8] Undefined variable: current D:\xampp\htdocs\Application\Runtime\Cache\Home\2ac6c1276904b87404ed678dbabb985c.php 第 48 行.
NOTIC: [8] Undefined variable: current D:\xampp\htdocs\Application\Runtime\Cache\Home\2ac6c1276904b87404ed678dbabb985c.php 第 48 行.
NOTIC: [8] Undefined variable: current D:\xampp\htdocs\Application\Runtime\Cache\Home\2ac6c1276904b87404ed678dbabb985c.php 第 48 行.
NOTIC: [8] Undefined variable: current D:\xampp\htdocs\Application\Runtime\Cache\Home\2ac6c1276904b87404ed678dbabb985c.php 第 48 行.
NOTIC: [8] Undefined variable: current D:\xampp\htdocs\Application\Runtime\Cache\Home\2ac6c1276904b87404ed678dbabb985c.php 第 48 行.
INFO: Run Behavior\ParseTemplateBehavior [ RunTime:0.008000s ]
INFO: [ view_parse ] --END-- [ RunTime:0.008000s ]
INFO: [ view_filter ] --START--
INFO: Run Behavior\WriteHtmlCacheBehavior [ RunTime:0.001000s ]
INFO: [ view_filter ] --END-- [ RunTime:0.001000s ]
INFO: [ app_end ] --START--
INFO: Run Behavior\ShowPageTraceBehavior [ RunTime:0.000000s ]
INFO: [ app_end ] --END-- [ RunTime:0.000000s ]

[ 2018-07-28T11:12:41+08:00 ] ::1 /index.php/Home/Article/index/id/Public/Uploads/2016-08-29/57c3a3b737a78.jpg
INFO: [ app_init ] --START--
INFO: Run Behavior\BuildLiteBehavior [ RunTime:0.000000s ]
INFO: [ app_init ] --END-- [ RunTime:0.000000s ]

[ 2018-07-28T11:39:47+08:00 ] ::1 /index.php/Home/Cate/index/id/10
INFO: [ app_init ] --START--
INFO: Run Behavior\BuildLiteBehavior [ RunTime:0.000000s ]
INFO: [ app_init ] --END-- [ RunTime:0.000000s ]
INFO: [ app_begin ] --START--
INFO: Run Behavior\ReadHtmlCacheBehavior [ RunTime:0.001001s ]
INFO: [ app_begin ] --END-- [ RunTime:0.001001s ]
SQL: SHOW COLUMNS FROM `ykj_cate` [ RunTime:0.0040s ]
SQL: SELECT * FROM `ykj_cate` ORDER BY sort desc  [ RunTime:0.0000s ]
SQL: SHOW COLUMNS FROM `ykj_link` [ RunTime:0.0040s ]
SQL: SELECT * FROM `ykj_link` ORDER BY sort desc  [ RunTime:0.0000s ]
SQL: SHOW COLUMNS FROM `ykj_article` [ RunTime:0.0050s ]
SQL: SELECT * FROM `ykj_article` ORDER BY time desc LIMIT 4   [ RunTime:0.0000s ]
SQL: SELECT COUNT(*) AS tp_count FROM `ykj_article` WHERE `cateid` = 10 LIMIT 1   [ RunTime:0.0000s ]
SQL: SELECT * FROM `ykj_article` WHERE `cateid` = 10 ORDER BY time desc LIMIT 0,2   [ RunTime:0.0000s ]
INFO: [ view_parse ] --START--
INFO: [ template_filter ] --START--
INFO: Run Behavior\ContentReplaceBehavior [ RunTime:0.000000s ]
INFO: [ template_filter ] --END-- [ RunTime:0.000000s ]
INFO: Run Behavior\ParseTemplateBehavior [ RunTime:0.007000s ]
INFO: [ view_parse ] --END-- [ RunTime:0.007000s ]
INFO: [ view_filter ] --START--
INFO: Run Behavior\WriteHtmlCacheBehavior [ RunTime:0.000000s ]
INFO: [ view_filter ] --END-- [ RunTime:0.000000s ]
INFO: [ app_end ] --START--
INFO: Run Behavior\ShowPageTraceBehavior [ RunTime:0.000000s ]
INFO: [ app_end ] --END-- [ RunTime:0.000000s ]

[ 2018-07-28T11:39:48+08:00 ] ::1 /index.php/Home/Cate/index/id/8
INFO: [ app_init ] --START--
INFO: Run Behavior\BuildLiteBehavior [ RunTime:0.000000s ]
INFO: [ app_init ] --END-- [ RunTime:0.000000s ]
INFO: [ app_begin ] --START--
INFO: Run Behavior\ReadHtmlCacheBehavior [ RunTime:0.000000s ]
INFO: [ app_begin ] --END-- [ RunTime:0.000000s ]
SQL: SHOW COLUMNS FROM `ykj_cate` [ RunTime:0.0050s ]
SQL: SELECT * FROM `ykj_cate` ORDER BY sort desc  [ RunTime:0.0000s ]
SQL: SHOW COLUMNS FROM `ykj_link` [ RunTime:0.0050s ]
SQL: SELECT * FROM `ykj_link` ORDER BY sort desc  [ RunTime:0.0000s ]
SQL: SHOW COLUMNS FROM `ykj_article` [ RunTime:0.0060s ]
SQL: SELECT * FROM `ykj_article` ORDER BY time desc LIMIT 4   [ RunTime:0.0010s ]
SQL: SELECT COUNT(*) AS tp_count FROM `ykj_article` WHERE `cateid` = 8 LIMIT 1   [ RunTime:0.0000s ]
SQL: SELECT * FROM `ykj_article` WHERE `cateid` = 8 ORDER BY time desc LIMIT 0,2   [ RunTime:0.0000s ]
INFO: [ view_parse ] --START--
INFO: [ template_filter ] --START--
INFO: Run Behavior\ContentReplaceBehavior [ RunTime:0.000000s ]
INFO: [ template_filter ] --END-- [ RunTime:0.000000s ]
INFO: Run Behavior\ParseTemplateBehavior [ RunTime:0.007001s ]
INFO: [ view_parse ] --END-- [ RunTime:0.007001s ]
INFO: [ view_filter ] --START--
INFO: Run Behavior\WriteHtmlCacheBehavior [ RunTime:0.000000s ]
INFO: [ view_filter ] --END-- [ RunTime:0.000000s ]
INFO: [ app_end ] --START--
INFO: Run Behavior\ShowPageTraceBehavior [ RunTime:0.000000s ]
INFO: [ app_end ] --END-- [ RunTime:0.000000s ]

[ 2018-07-28T11:39:49+08:00 ] ::1 /index.php/Home/Cate/index/id/7
INFO: [ app_init ] --START--
INFO: Run Behavior\BuildLiteBehavior [ RunTime:0.000000s ]
INFO: [ app_init ] --END-- [ RunTime:0.000000s ]
INFO: [ app_begin ] --START--
INFO: Run Behavior\ReadHtmlCacheBehavior [ RunTime:0.000000s ]
INFO: [ app_begin ] --END-- [ RunTime:0.000000s ]
SQL: SHOW COLUMNS FROM `ykj_cate` [ RunTime:0.0040s ]
SQL: SELECT * FROM `ykj_cate` ORDER BY sort desc  [ RunTime:0.0000s ]
SQL: SHOW COLUMNS FROM `ykj_link` [ RunTime:0.0040s ]
SQL: SELECT * FROM `ykj_link` ORDER BY sort desc  [ RunTime:0.0000s ]
SQL: SHOW COLUMNS FROM `ykj_article` [ RunTime:0.0050s ]
SQL: SELECT * FROM `ykj_article` ORDER BY time desc LIMIT 4   [ RunTime:0.0000s ]
SQL: SELECT COUNT(*) AS tp_count FROM `ykj_article` WHERE `cateid` = 7 LIMIT 1   [ RunTime:0.0000s ]
SQL: SELECT * FROM `ykj_article` WHERE `cateid` = 7 ORDER BY time desc LIMIT 0,2   [ RunTime:0.0000s ]
INFO: [ view_parse ] --START--
INFO: [ template_filter ] --START--
INFO: Run Behavior\ContentReplaceBehavior [ RunTime:0.000000s ]
INFO: [ template_filter ] --END-- [ RunTime:0.000000s ]
INFO: Run Behavior\ParseTemplateBehavior [ RunTime:0.006000s ]
INFO: [ view_parse ] --END-- [ RunTime:0.006000s ]
INFO: [ view_filter ] --START--
INFO: Run Behavior\WriteHtmlCacheBehavior [ RunTime:0.000000s ]
INFO: [ view_filter ] --END-- [ RunTime:0.000000s ]
INFO: [ app_end ] --START--
INFO: Run Behavior\ShowPageTraceBehavior [ RunTime:0.001000s ]
INFO: [ app_end ] --END-- [ RunTime:0.001000s ]

[ 2018-07-28T11:39:49+08:00 ] ::1 /index.php/Home/Cate/index/id/Public/Uploads/2016-08-29/57c3a48e26e16.jpg
INFO: [ app_init ] --START--
INFO: Run Behavior\BuildLiteBehavior [ RunTime:0.000000s ]
INFO: [ app_init ] --END-- [ RunTime:0.000000s ]

[ 2018-07-28T11:39:49+08:00 ] ::1 /index.php/Home/Cate/index/id/Public/Uploads/2016-08-29/57c3a45d3c2b8.jpg
INFO: [ app_init ] --START--
INFO: Run Behavior\BuildLiteBehavior [ RunTime:0.000000s ]
INFO: [ app_init ] --END-- [ RunTime:0.000000s ]

[ 2018-07-28T11:39:50+08:00 ] ::1 /index.php/Home/Cate/index/id/1
INFO: [ app_init ] --START--
INFO: Run Behavior\BuildLiteBehavior [ RunTime:0.000000s ]
INFO: [ app_init ] --END-- [ RunTime:0.000000s ]
INFO: [ app_begin ] --START--
INFO: Run Behavior\ReadHtmlCacheBehavior [ RunTime:0.001000s ]
INFO: [ app_begin ] --END-- [ RunTime:0.001000s ]
SQL: SHOW COLUMNS FROM `ykj_cate` [ RunTime:0.0050s ]
SQL: SELECT * FROM `ykj_cate` ORDER BY sort desc  [ RunTime:0.0000s ]
SQL: SHOW COLUMNS FROM `ykj_link` [ RunTime:0.0040s ]
SQL: SELECT * FROM `ykj_link` ORDER BY sort desc  [ RunTime:0.0000s ]
SQL: SHOW COLUMNS FROM `ykj_article` [ RunTime:0.0040s ]
SQL: SELECT * FROM `ykj_article` ORDER BY time desc LIMIT 4   [ RunTime:0.0000s ]
SQL: SELECT COUNT(*) AS tp_count FROM `ykj_article` WHERE `cateid` = 1 LIMIT 1   [ RunTime:0.0000s ]
SQL: SELECT * FROM `ykj_article` WHERE `cateid` = 1 ORDER BY time desc LIMIT 0,2   [ RunTime:0.0000s ]
INFO: [ view_parse ] --START--
INFO: [ template_filter ] --START--
INFO: Run Behavior\ContentReplaceBehavior [ RunTime:0.001000s ]
INFO: [ template_filter ] --END-- [ RunTime:0.001000s ]
INFO: Run Behavior\ParseTemplateBehavior [ RunTime:0.006000s ]
INFO: [ view_parse ] --END-- [ RunTime:0.006000s ]
INFO: [ view_filter ] --START--
INFO: Run Behavior\WriteHtmlCacheBehavior [ RunTime:0.000000s ]
INFO: [ view_filter ] --END-- [ RunTime:0.000000s ]
INFO: [ app_end ] --START--
INFO: Run Behavior\ShowPageTraceBehavior [ RunTime:0.001000s ]
INFO: [ app_end ] --END-- [ RunTime:0.001000s ]

[ 2018-07-28T11:39:50+08:00 ] ::1 /index.php/Home/Cate/index/id/Public/Uploads/2016-08-29/57c3a3ea965dc.jpg
INFO: [ app_init ] --START--
INFO: Run Behavior\BuildLiteBehavior [ RunTime:0.000000s ]
INFO: [ app_init ] --END-- [ RunTime:0.000000s ]

[ 2018-07-28T11:39:50+08:00 ] ::1 /index.php/Home/Cate/index/id/Public/Uploads/2016-08-29/57c3a3b737a78.jpg
INFO: [ app_init ] --START--
INFO: Run Behavior\BuildLiteBehavior [ RunTime:0.000000s ]
INFO: [ app_init ] --END-- [ RunTime:0.000000s ]

[ 2018-07-28T11:39:50+08:00 ] ::1 /index.php/Home/Cate/index/id/Public/Uploads/2016-08-29/57c3a3b737a78.jpg
INFO: [ app_init ] --START--
INFO: Run Behavior\BuildLiteBehavior [ RunTime:0.000000s ]
INFO: [ app_init ] --END-- [ RunTime:0.001000s ]

[ 2018-07-28T11:39:50+08:00 ] ::1 /index.php/Home/Cate/index/id/Public/Uploads/2016-08-29/57c3a3ea965dc.jpg
INFO: [ app_init ] --START--
INFO: Run Behavior\BuildLiteBehavior [ RunTime:0.000000s ]
INFO: [ app_init ] --END-- [ RunTime:0.001000s ]

[ 2018-07-28T11:39:52+08:00 ] ::1 /index.php/Home/Cate/index/id/7
INFO: [ app_init ] --START--
INFO: Run Behavior\BuildLiteBehavior [ RunTime:0.000000s ]
INFO: [ app_init ] --END-- [ RunTime:0.000000s ]
INFO: [ app_begin ] --START--
INFO: Run Behavior\ReadHtmlCacheBehavior [ RunTime:0.001000s ]
INFO: [ app_begin ] --END-- [ RunTime:0.001000s ]
SQL: SHOW COLUMNS FROM `ykj_cate` [ RunTime:0.0040s ]
SQL: SELECT * FROM `ykj_cate` ORDER BY sort desc  [ RunTime:0.0000s ]
SQL: SHOW COLUMNS FROM `ykj_link` [ RunTime:0.0050s ]
SQL: SELECT * FROM `ykj_link` ORDER BY sort desc  [ RunTime:0.0000s ]
SQL: SHOW COLUMNS FROM `ykj_article` [ RunTime:0.0050s ]
SQL: SELECT * FROM `ykj_article` ORDER BY time desc LIMIT 4   [ RunTime:0.0000s ]
SQL: SELECT COUNT(*) AS tp_count FROM `ykj_article` WHERE `cateid` = 7 LIMIT 1   [ RunTime:0.0010s ]
SQL: SELECT * FROM `ykj_article` WHERE `cateid` = 7 ORDER BY time desc LIMIT 0,2   [ RunTime:0.0000s ]
INFO: [ view_parse ] --START--
INFO: [ template_filter ] --START--
INFO: Run Behavior\ContentReplaceBehavior [ RunTime:0.000000s ]
INFO: [ template_filter ] --END-- [ RunTime:0.000000s ]
INFO: Run Behavior\ParseTemplateBehavior [ RunTime:0.007000s ]
INFO: [ view_parse ] --END-- [ RunTime:0.007000s ]
INFO: [ view_filter ] --START--
INFO: Run Behavior\WriteHtmlCacheBehavior [ RunTime:0.000000s ]
INFO: [ view_filter ] --END-- [ RunTime:0.000000s ]
INFO: [ app_end ] --START--
INFO: Run Behavior\ShowPageTraceBehavior [ RunTime:0.001000s ]
INFO: [ app_end ] --END-- [ RunTime:0.001000s ]

[ 2018-07-28T11:39:52+08:00 ] ::1 /index.php/Home/Cate/index/id/Public/Uploads/2016-08-29/57c3a45d3c2b8.jpg
INFO: [ app_init ] --START--
INFO: Run Behavior\BuildLiteBehavior [ RunTime:0.000000s ]
INFO: [ app_init ] --END-- [ RunTime:0.000000s ]

[ 2018-07-28T11:39:52+08:00 ] ::1 /index.php/Home/Cate/index/id/Public/Uploads/2016-08-29/57c3a48e26e16.jpg
INFO: [ app_init ] --START--
INFO: Run Behavior\BuildLiteBehavior [ RunTime:0.000000s ]
INFO: [ app_init ] --END-- [ RunTime:0.000000s ]

[ 2018-07-28T11:39:53+08:00 ] ::1 /index.php/Home/Article/index/id/12
INFO: [ app_init ] --START--
INFO: Run Behavior\BuildLiteBehavior [ RunTime:0.000000s ]
INFO: [ app_init ] --END-- [ RunTime:0.000000s ]
INFO: [ app_begin ] --START--
INFO: Run Behavior\ReadHtmlCacheBehavior [ RunTime:0.000000s ]
INFO: [ app_begin ] --END-- [ RunTime:0.000000s ]
SQL: SHOW COLUMNS FROM `ykj_cate` [ RunTime:0.0080s ]
SQL: SELECT * FROM `ykj_cate` ORDER BY sort desc  [ RunTime:0.0000s ]
SQL: SHOW COLUMNS FROM `ykj_link` [ RunTime:0.0070s ]
SQL: SELECT * FROM `ykj_link` ORDER BY sort desc  [ RunTime:0.0010s ]
SQL: SHOW COLUMNS FROM `ykj_article` [ RunTime:0.0070s ]
SQL: SELECT * FROM `ykj_article` ORDER BY time desc LIMIT 4   [ RunTime:0.0000s ]
SQL: SELECT * FROM `ykj_article` WHERE `id` = 12 LIMIT 1   [ RunTime:0.0000s ]
SQL: SELECT * FROM `ykj_cate` WHERE `id` = 7 LIMIT 1   [ RunTime:0.0000s ]
SQL: SELECT * FROM `ykj_article` WHERE `id` = 12 LIMIT 1   [ RunTime:0.0000s ]
SQL: SELECT * FROM `ykj_article` WHERE ( id<12 ) AND `cateid` = 7 ORDER BY id desc LIMIT 1   [ RunTime:0.0000s ]
SQL: SELECT * FROM `ykj_article` WHERE ( id>12 ) AND `cateid` = 7 ORDER BY id asc LIMIT 1   [ RunTime:0.0000s ]
INFO: [ view_parse ] --START--
INFO: [ template_filter ] --START--
INFO: Run Behavior\ContentReplaceBehavior [ RunTime:0.000000s ]
INFO: [ template_filter ] --END-- [ RunTime:0.000000s ]
NOTIC: [8] Undefined variable: current D:\xampp\htdocs\Application\Runtime\Cache\Home\2ac6c1276904b87404ed678dbabb985c.php 第 48 行.
NOTIC: [8] Undefined variable: current D:\xampp\htdocs\Application\Runtime\Cache\Home\2ac6c1276904b87404ed678dbabb985c.php 第 48 行.
NOTIC: [8] Undefined variable: current D:\xampp\htdocs\Application\Runtime\Cache\Home\2ac6c1276904b87404ed678dbabb985c.php 第 48 行.
NOTIC: [8] Undefined variable: current D:\xampp\htdocs\Application\Runtime\Cache\Home\2ac6c1276904b87404ed678dbabb985c.php 第 48 行.
NOTIC: [8] Undefined variable: current D:\xampp\htdocs\Application\Runtime\Cache\Home\2ac6c1276904b87404ed678dbabb985c.php 第 48 行.
NOTIC: [8] Undefined variable: current D:\xampp\htdocs\Application\Runtime\Cache\Home\2ac6c1276904b87404ed678dbabb985c.php 第 48 行.
INFO: Run Behavior\ParseTemplateBehavior [ RunTime:0.009001s ]
INFO: [ view_parse ] --END-- [ RunTime:0.009001s ]
INFO: [ view_filter ] --START--
INFO: Run Behavior\WriteHtmlCacheBehavior [ RunTime:0.000000s ]
INFO: [ view_filter ] --END-- [ RunTime:0.000000s ]
INFO: [ app_end ] --START--
INFO: Run Behavior\ShowPageTraceBehavior [ RunTime:0.000000s ]
INFO: [ app_end ] --END-- [ RunTime:0.000000s ]

[ 2018-07-28T11:39:53+08:00 ] ::1 /index.php/Home/Article/index/id/Public/Uploads/2016-08-29/57c3a45d3c2b8.jpg
INFO: [ app_init ] --START--
INFO: Run Behavior\BuildLiteBehavior [ RunTime:0.000000s ]
INFO: [ app_init ] --END-- [ RunTime:0.000000s ]

[ 2018-07-28T11:40:04+08:00 ] ::1 /
INFO: [ app_init ] --START--
INFO: Run Behavior\BuildLiteBehavior [ RunTime:0.000000s ]
INFO: [ app_init ] --END-- [ RunTime:0.001000s ]
INFO: [ app_begin ] --START--
INFO: Run Behavior\ReadHtmlCacheBehavior [ RunTime:0.000000s ]
INFO: [ app_begin ] --END-- [ RunTime:0.000000s ]
SQL: SHOW COLUMNS FROM `ykj_cate` [ RunTime:0.0060s ]
SQL: SELECT * FROM `ykj_cate` ORDER BY sort desc  [ RunTime:0.0010s ]
SQL: SHOW COLUMNS FROM `ykj_link` [ RunTime:0.0060s ]
SQL: SELECT * FROM `ykj_link` ORDER BY sort desc  [ RunTime:0.0010s ]
SQL: SHOW COLUMNS FROM `ykj_article` [ RunTime:0.0050s ]
SQL: SELECT * FROM `ykj_article` ORDER BY time desc LIMIT 4   [ RunTime:0.0000s ]
SQL: SELECT COUNT(*) AS tp_count FROM `ykj_article` LIMIT 1   [ RunTime:0.0000s ]
SQL: SELECT * FROM `ykj_article` ORDER BY time desc LIMIT 0,2   [ RunTime:0.0000s ]
INFO: [ view_parse ] --START--
INFO: [ template_filter ] --START--
INFO: Run Behavior\ContentReplaceBehavior [ RunTime:0.000000s ]
INFO: [ template_filter ] --END-- [ RunTime:0.000000s ]
NOTIC: [8] Undefined variable: current D:\xampp\htdocs\Application\Runtime\Cache\Home\2a94b8bda04ff446dcedd42276fc99ee.php 第 43 行.
NOTIC: [8] Undefined variable: current D:\xampp\htdocs\Application\Runtime\Cache\Home\2a94b8bda04ff446dcedd42276fc99ee.php 第 43 行.
NOTIC: [8] Undefined variable: current D:\xampp\htdocs\Application\Runtime\Cache\Home\2a94b8bda04ff446dcedd42276fc99ee.php 第 43 行.
NOTIC: [8] Undefined variable: current D:\xampp\htdocs\Application\Runtime\Cache\Home\2a94b8bda04ff446dcedd42276fc99ee.php 第 43 行.
NOTIC: [8] Undefined variable: current D:\xampp\htdocs\Application\Runtime\Cache\Home\2a94b8bda04ff446dcedd42276fc99ee.php 第 43 行.
NOTIC: [8] Undefined variable: current D:\xampp\htdocs\Application\Runtime\Cache\Home\2a94b8bda04ff446dcedd42276fc99ee.php 第 43 行.
INFO: Run Behavior\ParseTemplateBehavior [ RunTime:0.007000s ]
INFO: [ view_parse ] --END-- [ RunTime:0.007000s ]
INFO: [ view_filter ] --START--
INFO: Run Behavior\WriteHtmlCacheBehavior [ RunTime:0.000000s ]
INFO: [ view_filter ] --END-- [ RunTime:0.000000s ]
INFO: [ app_end ] --START--
INFO: Run Behavior\ShowPageTraceBehavior [ RunTime:0.000000s ]
INFO: [ app_end ] --END-- [ RunTime:0.000000s ]

[ 2018-07-28T13:45:55+08:00 ] ::1 /
INFO: [ app_init ] --START--
INFO: Run Behavior\BuildLiteBehavior [ RunTime:0.000000s ]
INFO: [ app_init ] --END-- [ RunTime:0.001000s ]
INFO: [ app_begin ] --START--
INFO: Run Behavior\ReadHtmlCacheBehavior [ RunTime:0.001000s ]
INFO: [ app_begin ] --END-- [ RunTime:0.001000s ]
SQL: SHOW COLUMNS FROM `ykj_cate` [ RunTime:0.0070s ]
SQL: SELECT * FROM `ykj_cate` ORDER BY sort desc  [ RunTime:0.0000s ]
SQL: SHOW COLUMNS FROM `ykj_link` [ RunTime:0.0080s ]
SQL: SELECT * FROM `ykj_link` ORDER BY sort desc  [ RunTime:0.0000s ]
SQL: SHOW COLUMNS FROM `ykj_article` [ RunTime:0.0080s ]
SQL: SELECT * FROM `ykj_article` ORDER BY time desc LIMIT 4   [ RunTime:0.0010s ]
SQL: SELECT COUNT(*) AS tp_count FROM `ykj_article` LIMIT 1   [ RunTime:0.0000s ]
SQL: SELECT * FROM `ykj_article` ORDER BY time desc LIMIT 0,2   [ RunTime:0.0010s ]
INFO: [ view_parse ] --START--
INFO: [ template_filter ] --START--
INFO: Run Behavior\ContentReplaceBehavior [ RunTime:0.000000s ]
INFO: [ template_filter ] --END-- [ RunTime:0.000000s ]
NOTIC: [8] Undefined variable: current D:\xampp\htdocs\Application\Runtime\Cache\Home\2a94b8bda04ff446dcedd42276fc99ee.php 第 43 行.
NOTIC: [8] Undefined variable: current D:\xampp\htdocs\Application\Runtime\Cache\Home\2a94b8bda04ff446dcedd42276fc99ee.php 第 43 行.
NOTIC: [8] Undefined variable: current D:\xampp\htdocs\Application\Runtime\Cache\Home\2a94b8bda04ff446dcedd42276fc99ee.php 第 43 行.
NOTIC: [8] Undefined variable: current D:\xampp\htdocs\Application\Runtime\Cache\Home\2a94b8bda04ff446dcedd42276fc99ee.php 第 43 行.
NOTIC: [8] Undefined variable: current D:\xampp\htdocs\Application\Runtime\Cache\Home\2a94b8bda04ff446dcedd42276fc99ee.php 第 43 行.
NOTIC: [8] Undefined variable: current D:\xampp\htdocs\Application\Runtime\Cache\Home\2a94b8bda04ff446dcedd42276fc99ee.php 第 43 行.
INFO: Run Behavior\ParseTemplateBehavior [ RunTime:0.007001s ]
INFO: [ view_parse ] --END-- [ RunTime:0.007001s ]
INFO: [ view_filter ] --START--
INFO: Run Behavior\WriteHtmlCacheBehavior [ RunTime:0.001000s ]
INFO: [ view_filter ] --END-- [ RunTime:0.001000s ]
INFO: [ app_end ] --START--
INFO: Run Behavior\ShowPageTraceBehavior [ RunTime:0.000000s ]
INFO: [ app_end ] --END-- [ RunTime:0.000000s ]

[ 2018-07-28T15:32:42+08:00 ] ::1 /index.php/Home/Article/index/id/13
INFO: [ app_init ] --START--
INFO: Run Behavior\BuildLiteBehavior [ RunTime:0.000000s ]
INFO: [ app_init ] --END-- [ RunTime:0.001000s ]
INFO: [ app_begin ] --START--
INFO: Run Behavior\ReadHtmlCacheBehavior [ RunTime:0.000000s ]
INFO: [ app_begin ] --END-- [ RunTime:0.001000s ]
SQL: SHOW COLUMNS FROM `ykj_cate` [ RunTime:0.0060s ]
SQL: SELECT * FROM `ykj_cate` ORDER BY sort desc  [ RunTime:0.0000s ]
SQL: SHOW COLUMNS FROM `ykj_link` [ RunTime:0.0060s ]
SQL: SELECT * FROM `ykj_link` ORDER BY sort desc  [ RunTime:0.0000s ]
SQL: SHOW COLUMNS FROM `ykj_article` [ RunTime:0.0040s ]
SQL: SELECT * FROM `ykj_article` ORDER BY time desc LIMIT 4   [ RunTime:0.0000s ]
SQL: SELECT * FROM `ykj_article` WHERE `id` = 13 LIMIT 1   [ RunTime:0.0010s ]
SQL: SELECT * FROM `ykj_cate` WHERE `id` = 7 LIMIT 1   [ RunTime:0.0000s ]
SQL: SELECT * FROM `ykj_article` WHERE `id` = 13 LIMIT 1   [ RunTime:0.0000s ]
SQL: SELECT * FROM `ykj_article` WHERE ( id<13 ) AND `cateid` = 7 ORDER BY id desc LIMIT 1   [ RunTime:0.0000s ]
SQL: SELECT * FROM `ykj_article` WHERE ( id>13 ) AND `cateid` = 7 ORDER BY id asc LIMIT 1   [ RunTime:0.0000s ]
INFO: [ view_parse ] --START--
INFO: [ template_filter ] --START--
INFO: Run Behavior\ContentReplaceBehavior [ RunTime:0.000000s ]
INFO: [ template_filter ] --END-- [ RunTime:0.000000s ]
NOTIC: [8] Undefined variable: current D:\xampp\htdocs\Application\Runtime\Cache\Home\2ac6c1276904b87404ed678dbabb985c.php 第 48 行.
NOTIC: [8] Undefined variable: current D:\xampp\htdocs\Application\Runtime\Cache\Home\2ac6c1276904b87404ed678dbabb985c.php 第 48 行.
NOTIC: [8] Undefined variable: current D:\xampp\htdocs\Application\Runtime\Cache\Home\2ac6c1276904b87404ed678dbabb985c.php 第 48 行.
NOTIC: [8] Undefined variable: current D:\xampp\htdocs\Application\Runtime\Cache\Home\2ac6c1276904b87404ed678dbabb985c.php 第 48 行.
NOTIC: [8] Undefined variable: current D:\xampp\htdocs\Application\Runtime\Cache\Home\2ac6c1276904b87404ed678dbabb985c.php 第 48 行.
NOTIC: [8] Undefined variable: current D:\xampp\htdocs\Application\Runtime\Cache\Home\2ac6c1276904b87404ed678dbabb985c.php 第 48 行.
INFO: Run Behavior\ParseTemplateBehavior [ RunTime:0.006001s ]
INFO: [ view_parse ] --END-- [ RunTime:0.006001s ]
INFO: [ view_filter ] --START--
INFO: Run Behavior\WriteHtmlCacheBehavior [ RunTime:0.000000s ]
INFO: [ view_filter ] --END-- [ RunTime:0.000000s ]
INFO: [ app_end ] --START--
INFO: Run Behavior\ShowPageTraceBehavior [ RunTime:0.000000s ]
INFO: [ app_end ] --END-- [ RunTime:0.000000s ]

[ 2018-07-28T15:32:42+08:00 ] ::1 /index.php/Home/Article/index/id/Public/Uploads/2016-08-29/57c3a48e26e16.jpg
INFO: [ app_init ] --START--
INFO: Run Behavior\BuildLiteBehavior [ RunTime:0.000000s ]
INFO: [ app_init ] --END-- [ RunTime:0.000000s ]

[ 2018-07-28T15:32:42+08:00 ] ::1 /index.php/Home/Article/index/id/Public/Uploads/2016-08-29/57c3a48e26e16.jpg
INFO: [ app_init ] --START--
INFO: Run Behavior\BuildLiteBehavior [ RunTime:0.000000s ]
INFO: [ app_init ] --END-- [ RunTime:0.000000s ]

[ 2018-07-28T15:40:05+08:00 ] ::1 /index.php/Home/Article/index/id/12
INFO: [ app_init ] --START--
INFO: Run Behavior\BuildLiteBehavior [ RunTime:0.000000s ]
INFO: [ app_init ] --END-- [ RunTime:0.000000s ]
INFO: [ app_begin ] --START--
INFO: Run Behavior\ReadHtmlCacheBehavior [ RunTime:0.001000s ]
INFO: [ app_begin ] --END-- [ RunTime:0.001000s ]
SQL: SHOW COLUMNS FROM `ykj_cate` [ RunTime:0.0050s ]
SQL: SELECT * FROM `ykj_cate` ORDER BY sort desc  [ RunTime:0.0000s ]
SQL: SHOW COLUMNS FROM `ykj_link` [ RunTime:0.0050s ]
SQL: SELECT * FROM `ykj_link` ORDER BY sort desc  [ RunTime:0.0000s ]
SQL: SHOW COLUMNS FROM `ykj_article` [ RunTime:0.0050s ]
SQL: SELECT * FROM `ykj_article` ORDER BY time desc LIMIT 4   [ RunTime:0.0000s ]
SQL: SELECT * FROM `ykj_article` WHERE `id` = 12 LIMIT 1   [ RunTime:0.0000s ]
SQL: SELECT * FROM `ykj_cate` WHERE `id` = 7 LIMIT 1   [ RunTime:0.0000s ]
SQL: SELECT * FROM `ykj_article` WHERE `id` = 12 LIMIT 1   [ RunTime:0.0000s ]
SQL: SELECT * FROM `ykj_article` WHERE ( id<12 ) AND `cateid` = 7 ORDER BY id desc LIMIT 1   [ RunTime:0.0000s ]
SQL: SELECT * FROM `ykj_article` WHERE ( id>12 ) AND `cateid` = 7 ORDER BY id asc LIMIT 1   [ RunTime:0.0010s ]
INFO: [ view_parse ] --START--
INFO: [ template_filter ] --START--
INFO: Run Behavior\ContentReplaceBehavior [ RunTime:0.000000s ]
INFO: [ template_filter ] --END-- [ RunTime:0.000000s ]
NOTIC: [8] Undefined variable: current D:\xampp\htdocs\Application\Runtime\Cache\Home\2ac6c1276904b87404ed678dbabb985c.php 第 48 行.
NOTIC: [8] Undefined variable: current D:\xampp\htdocs\Application\Runtime\Cache\Home\2ac6c1276904b87404ed678dbabb985c.php 第 48 行.
NOTIC: [8] Undefined variable: current D:\xampp\htdocs\Application\Runtime\Cache\Home\2ac6c1276904b87404ed678dbabb985c.php 第 48 行.
NOTIC: [8] Undefined variable: current D:\xampp\htdocs\Application\Runtime\Cache\Home\2ac6c1276904b87404ed678dbabb985c.php 第 48 行.
NOTIC: [8] Undefined variable: current D:\xampp\htdocs\Application\Runtime\Cache\Home\2ac6c1276904b87404ed678dbabb985c.php 第 48 行.
NOTIC: [8] Undefined variable: current D:\xampp\htdocs\Application\Runtime\Cache\Home\2ac6c1276904b87404ed678dbabb985c.php 第 48 行.
INFO: Run Behavior\ParseTemplateBehavior [ RunTime:0.006000s ]
INFO: [ view_parse ] --END-- [ RunTime:0.006000s ]
INFO: [ view_filter ] --START--
INFO: Run Behavior\WriteHtmlCacheBehavior [ RunTime:0.000000s ]
INFO: [ view_filter ] --END-- [ RunTime:0.000000s ]
INFO: [ app_end ] --START--
INFO: Run Behavior\ShowPageTraceBehavior [ RunTime:0.001000s ]
INFO: [ app_end ] --END-- [ RunTime:0.001000s ]

[ 2018-07-28T15:40:05+08:00 ] ::1 /index.php/Home/Article/index/id/Public/Uploads/2016-08-29/57c3a45d3c2b8.jpg
INFO: [ app_init ] --START--
INFO: Run Behavior\BuildLiteBehavior [ RunTime:0.000000s ]
INFO: [ app_init ] --END-- [ RunTime:0.001000s ]

[ 2018-07-28T15:40:09+08:00 ] ::1 /index.php/Home/Article/index/id/11
INFO: [ app_init ] --START--
INFO: Run Behavior\BuildLiteBehavior [ RunTime:0.000000s ]
INFO: [ app_init ] --END-- [ RunTime:0.001000s ]
INFO: [ app_begin ] --START--
INFO: Run Behavior\ReadHtmlCacheBehavior [ RunTime:0.000000s ]
INFO: [ app_begin ] --END-- [ RunTime:0.000000s ]
SQL: SHOW COLUMNS FROM `ykj_cate` [ RunTime:0.0090s ]
SQL: SELECT * FROM `ykj_cate` ORDER BY sort desc  [ RunTime:0.0000s ]
SQL: SHOW COLUMNS FROM `ykj_link` [ RunTime:0.0090s ]
SQL: SELECT * FROM `ykj_link` ORDER BY sort desc  [ RunTime:0.0010s ]
SQL: SHOW COLUMNS FROM `ykj_article` [ RunTime:0.0090s ]
SQL: SELECT * FROM `ykj_article` ORDER BY time desc LIMIT 4   [ RunTime:0.0010s ]
SQL: SELECT * FROM `ykj_article` WHERE `id` = 11 LIMIT 1   [ RunTime:0.0000s ]
SQL: SELECT * FROM `ykj_cate` WHERE `id` = 7 LIMIT 1   [ RunTime:0.0000s ]
SQL: SELECT * FROM `ykj_article` WHERE `id` = 11 LIMIT 1   [ RunTime:0.0000s ]
SQL: SELECT * FROM `ykj_article` WHERE ( id<11 ) AND `cateid` = 7 ORDER BY id desc LIMIT 1   [ RunTime:0.0000s ]
SQL: SELECT * FROM `ykj_article` WHERE ( id>11 ) AND `cateid` = 7 ORDER BY id asc LIMIT 1   [ RunTime:0.0000s ]
INFO: [ view_parse ] --START--
INFO: [ template_filter ] --START--
INFO: Run Behavior\ContentReplaceBehavior [ RunTime:0.000000s ]
INFO: [ template_filter ] --END-- [ RunTime:0.000000s ]
NOTIC: [8] Undefined variable: current D:\xampp\htdocs\Application\Runtime\Cache\Home\2ac6c1276904b87404ed678dbabb985c.php 第 48 行.
NOTIC: [8] Undefined variable: current D:\xampp\htdocs\Application\Runtime\Cache\Home\2ac6c1276904b87404ed678dbabb985c.php 第 48 行.
NOTIC: [8] Undefined variable: current D:\xampp\htdocs\Application\Runtime\Cache\Home\2ac6c1276904b87404ed678dbabb985c.php 第 48 行.
NOTIC: [8] Undefined variable: current D:\xampp\htdocs\Application\Runtime\Cache\Home\2ac6c1276904b87404ed678dbabb985c.php 第 48 行.
NOTIC: [8] Undefined variable: current D:\xampp\htdocs\Application\Runtime\Cache\Home\2ac6c1276904b87404ed678dbabb985c.php 第 48 行.
NOTIC: [8] Undefined variable: current D:\xampp\htdocs\Application\Runtime\Cache\Home\2ac6c1276904b87404ed678dbabb985c.php 第 48 行.
INFO: Run Behavior\ParseTemplateBehavior [ RunTime:0.011000s ]
INFO: [ view_parse ] --END-- [ RunTime:0.011000s ]
INFO: [ view_filter ] --START--
INFO: Run Behavior\WriteHtmlCacheBehavior [ RunTime:0.000000s ]
INFO: [ view_filter ] --END-- [ RunTime:0.001000s ]
INFO: [ app_end ] --START--
INFO: Run Behavior\ShowPageTraceBehavior [ RunTime:0.000000s ]
INFO: [ app_end ] --END-- [ RunTime:0.000000s ]

[ 2018-07-28T15:40:09+08:00 ] ::1 /index.php/Home/Article/index/id/Public/Uploads/2016-08-29/57c3a431ae8d6.jpg
INFO: [ app_init ] --START--
INFO: Run Behavior\BuildLiteBehavior [ RunTime:0.000000s ]
INFO: [ app_init ] --END-- [ RunTime:0.000000s ]

[ 2018-07-28T15:47:50+08:00 ] ::1 /index.php/Home/Article/index/id/Public/Uploads/2016-08-29/57c3a431ae8d6.jpg
INFO: [ app_init ] --START--
INFO: Run Behavior\BuildLiteBehavior [ RunTime:0.000000s ]
INFO: [ app_init ] --END-- [ RunTime:0.000000s ]

