[ 2018-07-28T11:04:28+08:00 ] 127.0.0.1 /ykj/Application/Admin/Public/css/admin_login.css
INFO: [ app_init ] --START--
INFO: Run Behavior\BuildLiteBehavior [ RunTime:0.000000s ]
INFO: [ app_init ] --END-- [ RunTime:0.000000s ]
ERR: Êó†Ê≥ïÂä†ËΩΩÊ®°Âùó:Ykj

[ 2018-07-28T11:04:29+08:00 ] 127.0.0.1 /ykj/Application/Admin/Public/css/admin_login.css
INFO: [ app_init ] --START--
INFO: Run Behavior\BuildLiteBehavior [ RunTime:0.000000s ]
INFO: [ app_init ] --END-- [ RunTime:0.000000s ]
ERR: Êó†Ê≥ïÂä†ËΩΩÊ®°Âùó:Ykj

[ 2018-07-28T11:04:30+08:00 ] 127.0.0.1 /ykj/Application/Admin/Public/css/admin_login.css
INFO: [ app_init ] --START--
INFO: Run Behavior\BuildLiteBehavior [ RunTime:0.000000s ]
INFO: [ app_init ] --END-- [ RunTime:0.000000s ]
ERR: Êó†Ê≥ïÂä†ËΩΩÊ®°Âùó:Ykj

[ 2018-07-28T11:04:31+08:00 ] 127.0.0.1 /ykj/Application/Admin/Public/css/admin_login.css
INFO: [ app_init ] --START--
INFO: Run Behavior\BuildLiteBehavior [ RunTime:0.000000s ]
INFO: [ app_init ] --END-- [ RunTime:0.000000s ]
ERR: Êó†Ê≥ïÂä†ËΩΩÊ®°Âùó:Ykj

[ 2018-07-28T11:04:31+08:00 ] 127.0.0.1 /ykj/Application/Admin/Public/css/admin_login.css
INFO: [ app_init ] --START--
INFO: Run Behavior\BuildLiteBehavior [ RunTime:0.000000s ]
INFO: [ app_init ] --END-- [ RunTime:0.000000s ]
ERR: Êó†Ê≥ïÂä†ËΩΩÊ®°Âùó:Ykj

[ 2018-07-28T11:04:32+08:00 ] 127.0.0.1 /ykj/Application/Admin/Public/css/admin_login.css
INFO: [ app_init ] --START--
INFO: Run Behavior\BuildLiteBehavior [ RunTime:0.000000s ]
INFO: [ app_init ] --END-- [ RunTime:0.000000s ]
ERR: Êó†Ê≥ïÂä†ËΩΩÊ®°Âùó:Ykj

[ 2018-07-28T11:04:32+08:00 ] 127.0.0.1 /ykj/Application/Admin/Public/css/admin_login.css
INFO: [ app_init ] --START--
INFO: Run Behavior\BuildLiteBehavior [ RunTime:0.000000s ]
INFO: [ app_init ] --END-- [ RunTime:0.000000s ]
ERR: Êó†Ê≥ïÂä†ËΩΩÊ®°Âùó:Ykj

[ 2018-07-28T11:04:33+08:00 ] 127.0.0.1 /ykj/Application/Admin/Public/css/admin_login.css
INFO: [ app_init ] --START--
INFO: Run Behavior\BuildLiteBehavior [ RunTime:0.000000s ]
INFO: [ app_init ] --END-- [ RunTime:0.001000s ]
ERR: Êó†Ê≥ïÂä†ËΩΩÊ®°Âùó:Ykj

[ 2018-07-28T11:04:43+08:00 ] 127.0.0.1 /ykj/Application/Admin/Public/css/admin_login.css
INFO: [ app_init ] --START--
INFO: Run Behavior\BuildLiteBehavior [ RunTime:0.000000s ]
INFO: [ app_init ] --END-- [ RunTime:0.000000s ]
ERR: Êó†Ê≥ïÂä†ËΩΩÊ®°Âùó:Ykj

[ 2018-07-28T11:11:16+08:00 ] 127.0.0.1 /ykj/Application/Admin/Public/css/common.css
INFO: [ app_init ] --START--
INFO: Run Behavior\BuildLiteBehavior [ RunTime:0.000000s ]
INFO: [ app_init ] --END-- [ RunTime:0.000000s ]
ERR: Êó†Ê≥ïÂä†ËΩΩÊ®°Âùó:Ykj

[ 2018-07-28T11:11:16+08:00 ] 127.0.0.1 /ykj/Application/Admin/Public/css/main.css
INFO: [ app_init ] --START--
INFO: Run Behavior\BuildLiteBehavior [ RunTime:0.000000s ]
INFO: [ app_init ] --END-- [ RunTime:0.000000s ]
ERR: Êó†Ê≥ïÂä†ËΩΩÊ®°Âùó:Ykj

[ 2018-07-28T11:11:16+08:00 ] 127.0.0.1 /ykj/Application/Admin/Public/js/libs/modernizr.min.js
INFO: [ app_init ] --START--
INFO: Run Behavior\BuildLiteBehavior [ RunTime:0.000000s ]
INFO: [ app_init ] --END-- [ RunTime:0.001001s ]
ERR: Êó†Ê≥ïÂä†ËΩΩÊ®°Âùó:Ykj

[ 2018-07-28T13:55:20+08:00 ] 127.0.0.1 /ykj/Application/Admin/Public/css/main.css
INFO: [ app_init ] --START--
INFO: Run Behavior\BuildLiteBehavior [ RunTime:0.000000s ]
INFO: [ app_init ] --END-- [ RunTime:0.001000s ]
ERR: Êó†Ê≥ïÂä†ËΩΩÊ®°Âùó:Ykj

[ 2018-07-28T13:55:20+08:00 ] 127.0.0.1 /ykj/Application/Admin/Public/css/common.css
INFO: [ app_init ] --START--
INFO: Run Behavior\BuildLiteBehavior [ RunTime:0.000000s ]
INFO: [ app_init ] --END-- [ RunTime:0.001000s ]
ERR: Êó†Ê≥ïÂä†ËΩΩÊ®°Âùó:Ykj

[ 2018-07-28T13:55:20+08:00 ] 127.0.0.1 /ykj/Application/Admin/Public/js/libs/modernizr.min.js
INFO: [ app_init ] --START--
INFO: Run Behavior\BuildLiteBehavior [ RunTime:0.000000s ]
INFO: [ app_init ] --END-- [ RunTime:0.000000s ]
ERR: Êó†Ê≥ïÂä†ËΩΩÊ®°Âùó:Ykj

[ 2018-07-28T14:01:13+08:00 ] 127.0.0.1 /ykj/Application/Admin/Public/js/libs/modernizr.min.js
INFO: [ app_init ] --START--
INFO: Run Behavior\BuildLiteBehavior [ RunTime:0.000000s ]
INFO: [ app_init ] --END-- [ RunTime:0.000000s ]
ERR: Êó†Ê≥ïÂä†ËΩΩÊ®°Âùó:Ykj

[ 2018-07-28T14:01:13+08:00 ] 127.0.0.1 /ykj/Application/Admin/Public/css/common.css
INFO: [ app_init ] --START--
INFO: Run Behavior\BuildLiteBehavior [ RunTime:0.000000s ]
INFO: [ app_init ] --END-- [ RunTime:0.000000s ]
ERR: Êó†Ê≥ïÂä†ËΩΩÊ®°Âùó:Ykj

[ 2018-07-28T14:01:13+08:00 ] 127.0.0.1 /ykj/Application/Admin/Public/css/main.css
INFO: [ app_init ] --START--
INFO: Run Behavior\BuildLiteBehavior [ RunTime:0.000000s ]
INFO: [ app_init ] --END-- [ RunTime:0.001000s ]
ERR: Êó†Ê≥ïÂä†ËΩΩÊ®°Âùó:Ykj

[ 2018-07-28T15:18:43+08:00 ] 127.0.0.1 /ykj/Application/Admin/Public/css/common.css
INFO: [ app_init ] --START--
INFO: Run Behavior\BuildLiteBehavior [ RunTime:0.000000s ]
INFO: [ app_init ] --END-- [ RunTime:0.000000s ]
ERR: Êó†Ê≥ïÂä†ËΩΩÊ®°Âùó:Ykj

[ 2018-07-28T15:18:43+08:00 ] 127.0.0.1 /ykj/Application/Admin/Public/css/main.css
INFO: [ app_init ] --START--
INFO: Run Behavior\BuildLiteBehavior [ RunTime:0.000000s ]
INFO: [ app_init ] --END-- [ RunTime:0.000000s ]
ERR: Êó†Ê≥ïÂä†ËΩΩÊ®°Âùó:Ykj

[ 2018-07-28T15:18:43+08:00 ] 127.0.0.1 /ykj/Application/Admin/Public/js/libs/modernizr.min.js
INFO: [ app_init ] --START--
INFO: Run Behavior\BuildLiteBehavior [ RunTime:0.000000s ]
INFO: [ app_init ] --END-- [ RunTime:0.000000s ]
ERR: Êó†Ê≥ïÂä†ËΩΩÊ®°Âùó:Ykj

[ 2018-07-28T15:18:47+08:00 ] ::1 /login
INFO: [ app_init ] --START--
INFO: Run Behavior\BuildLiteBehavior [ RunTime:0.000000s ]
INFO: [ app_init ] --END-- [ RunTime:0.001000s ]
ERR: Êó†Ê≥ïÂä†ËΩΩÊ®°Âùó:Login

[ 2018-07-28T15:18:57+08:00 ] 127.0.0.1 /ykj/Application/Admin/Public/css/main.css
INFO: [ app_init ] --START--
INFO: Run Behavior\BuildLiteBehavior [ RunTime:0.000000s ]
INFO: [ app_init ] --END-- [ RunTime:0.000000s ]
ERR: Êó†Ê≥ïÂä†ËΩΩÊ®°Âùó:Ykj


[ 2018-07-28T15:18:57+08:00 ] 127.0.0.1 /ykj/Application/Admin/Public/js/libs/modernizr.min.js
INFO: [ app_init ] --START--
INFO: Run Behavior\BuildLiteBehavior [ RunTime:0.000000s ]
INFO: [ app_init ] --END-- [ RunTime:0.001000s ]
ERR: Êó†Ê≥ïÂä†ËΩΩÊ®°Âùó:Ykj

[ 2018-07-28T15:18:59+08:00 ] 127.0.0.1 /ykj/Application/Admin/Public/js/libs/modernizr.min.js
INFO: [ app_init ] --START--
INFO: Run Behavior\BuildLiteBehavior [ RunTime:0.000000s ]
INFO: [ app_init ] --END-- [ RunTime:0.001001s ]
ERR: Êó†Ê≥ïÂä†ËΩΩÊ®°Âùó:Ykj

[ 2018-07-28T15:18:59+08:00 ] 127.0.0.1 /ykj/Application/Admin/Public/css/common.css
INFO: [ app_init ] --START--
INFO: Run Behavior\BuildLiteBehavior [ RunTime:0.000000s ]
INFO: [ app_init ] --END-- [ RunTime:0.001001s ]
ERR: Êó†Ê≥ïÂä†ËΩΩÊ®°Âùó:Ykj

[ 2018-07-28T15:18:59+08:00 ] 127.0.0.1 /ykj/Application/Admin/Public/css/main.css
INFO: [ app_init ] --START--
INFO: Run Behavior\BuildLiteBehavior [ RunTime:0.000000s ]
INFO: [ app_init ] --END-- [ RunTime:0.000000s ]
ERR: Êó†Ê≥ïÂä†ËΩΩÊ®°Âùó:Ykj

[ 2018-07-28T15:19:27+08:00 ] 127.0.0.1 /ykj/Application/Admin/Public/css/common.css
INFO: [ app_init ] --START--
INFO: Run Behavior\BuildLiteBehavior [ RunTime:0.000000s ]
INFO: [ app_init ] --END-- [ RunTime:0.000000s ]
ERR: Êó†Ê≥ïÂä†ËΩΩÊ®°Âùó:Ykj

[ 2018-07-28T15:19:27+08:00 ] 127.0.0.1 /ykj/Application/Admin/Public/css/main.css
INFO: [ app_init ] --START--
INFO: Run Behavior\BuildLiteBehavior [ RunTime:0.000000s ]
INFO: [ app_init ] --END-- [ RunTime:0.000000s ]
ERR: Êó†Ê≥ïÂä†ËΩΩÊ®°Âùó:Ykj

[ 2018-07-28T15:19:27+08:00 ] 127.0.0.1 /ykj/Application/Admin/Public/js/libs/modernizr.min.js
INFO: [ app_init ] --START--
INFO: Run Behavior\BuildLiteBehavior [ RunTime:0.000000s ]
INFO: [ app_init ] --END-- [ RunTime:0.000000s ]
ERR: Êó†Ê≥ïÂä†ËΩΩÊ®°Âùó:Ykj

[ 2018-07-28T15:19:27+08:00 ] 127.0.0.1 /ykj/Application/Admin/Public/css/common.css
INFO: [ app_init ] --START--
INFO: Run Behavior\BuildLiteBehavior [ RunTime:0.000000s ]
INFO: [ app_init ] --END-- [ RunTime:0.000000s ]
ERR: Êó†Ê≥ïÂä†ËΩΩÊ®°Âùó:Ykj

[ 2018-07-28T15:19:27+08:00 ] 127.0.0.1 /ykj/Application/Admin/Public/js/libs/modernizr.min.js
INFO: [ app_init ] --START--
INFO: Run Behavior\BuildLiteBehavior [ RunTime:0.000000s ]
INFO: [ app_init ] --END-- [ RunTime:0.000000s ]
ERR: Êó†Ê≥ïÂä†ËΩΩÊ®°Âùó:Ykj

[ 2018-07-28T15:19:27+08:00 ] 127.0.0.1 /ykj/Application/Admin/Public/css/main.css
INFO: [ app_init ] --START--
INFO: Run Behavior\BuildLiteBehavior [ RunTime:0.000000s ]
INFO: [ app_init ] --END-- [ RunTime:0.000000s ]
ERR: Êó†Ê≥ïÂä†ËΩΩÊ®°Âùó:Ykj

[ 2018-07-28T15:19:28+08:00 ] 127.0.0.1 /ykj/Application/Admin/Public/css/common.css
INFO: [ app_init ] --START--
INFO: Run Behavior\BuildLiteBehavior [ RunTime:0.000000s ]
INFO: [ app_init ] --END-- [ RunTime:0.000000s ]
ERR: Êó†Ê≥ïÂä†ËΩΩÊ®°Âùó:Ykj

ùó:Ykj

[ 2018-07-28T15:19:28+08:00 ] 127.0.0.1 /ykj/Application/Admin/Public/css/main.css
INFO: [ app_init ] --START--
INFO: Run Behavior\BuildLiteBehavior [ RunTime:0.000000s ]
INFO: [ app_init ] --END-- [ RunTime:0.000000s ]
ERR: Êó†Ê≥ïÂä†ËΩΩÊ®°Âùó:Ykj

[ 2018-07-28T15:19:28+08:00 ] 127.0.0.1 /ykj/Application/Admin/Public/css/common.css
INFO: [ app_init ] --START--
INFO: Run Behavior\BuildLiteBehavior [ RunTime:0.000000s ]
INFO: [ app_init ] --END-- [ RunTime:0.000000s ]
ERR: Êó†Ê≥ïÂä†ËΩΩÊ®°Âùó:Ykj

[ 2018-07-28T15:19:28+08:00 ] 127.0.0.1 /ykj/Application/Admin/Public/css/main.css
INFO: [ app_init ] --START--
INFO: Run Behavior\BuildLiteBehavior [ RunTime:0.000000s ]
INFO: [ app_init ] --END-- [ RunTime:0.000000s ]
ERR: Êó†Ê≥ïÂä†ËΩΩÊ®°Âùó:Ykj

[ 2018-07-28T15:19:28+08:00 ] 127.0.0.1 /ykj/Application/Admin/Public/js/libs/modernizr.min.js
INFO: [ app_init ] --START--
INFO: Run Behavior\BuildLiteBehavior [ RunTime:0.000000s ]
INFO: [ app_init ] --END-- [ RunTime:0.001000s ]
ERR: Êó†Ê≥ïÂä†ËΩΩÊ®°Âùó:Ykj

[ 2018-07-28T15:19:29+08:00 ] 127.0.0.1 /ykj/Application/Admin/Public/js/libs/modernizr.min.js
INFO: [ app_init ] --START--
INFO: Run Behavior\BuildLiteBehavior [ RunTime:0.000000s ]
INFO: [ app_init ] --END-- [ RunTime:0.000000s ]
ERR: Êó†Ê≥ïÂä†ËΩΩÊ®°Âùó:Ykj

[ 2018-07-28T15:19:29+08:00 ] 127.0.0.1 /ykj/Application/Admin/Public/css/common.css
INFO: [ app_init ] --START--
INFO: Run Behavior\BuildLiteBehavior [ RunTime:0.000000s ]
INFO: [ app_init ] --END-- [ RunTime:0.000000s ]
ERR: Êó†Ê≥ïÂä†ËΩΩÊ®°Âùó:Ykj

[ 2018-07-28T15:19:29+08:00 ] 127.0.0.1 /ykj/Application/Admin/Public/css/main.css
INFO: [ app_init ] --START--
INFO: Run Behavior\BuildLiteBehavior [ RunTime:0.000000s ]
INFO: [ app_init ] --END-- [ RunTime:0.000000s ]
ERR: Êó†Ê≥ïÂä†ËΩΩÊ®°Âùó:Ykj

[ 2018-07-28T15:19:30+08:00 ] 127.0.0.1 /ykj/Application/Admin/Public/css/common.css
INFO: [ app_init ] --START--
INFO: Run Behavior\BuildLiteBehavior [ RunTime:0.000000s ]
INFO: [ app_init ] --END-- [ RunTime:0.000000s ]
ERR: Êó†Ê≥ïÂä†ËΩΩÊ®°Âùó:Ykj

[ 2018-07-28T15:19:30+08:00 ] 127.0.0.1 /ykj/Application/Admin/Public/css/main.css
INFO: [ app_init ] --START--
INFO: Run Behavior\BuildLiteBehavior [ RunTime:0.000000s ]
INFO: [ app_init ] --END-- [ RunTime:0.001000s ]
ERR: Êó†Ê≥ïÂä†ËΩΩÊ®°Âùó:Ykj

[ 2018-07-28T15:19:30+08:00 ] 127.0.0.1 /ykj/Application/Admin/Public/js/libs/modernizr.min.js
INFO: [ app_init ] --START--
INFO: Run Behavior\BuildLiteBehavior [ RunTime:0.000000s ]
INFO: [ app_init ] --END-- [ RunTime:0.000000s ]
ERR: Êó†Ê≥ïÂä†ËΩΩÊ®°Âùó:Ykj

[ 2018-07-28T15:19:30+08:00 ] 127.0.0.1 /ykj/Application/Admin/Public/css/common.css
INFO: [ app_init ] --START--
INFO: Run Behavior\BuildLiteBehavior [ RunTime:0.000000s ]
INFO: [ app_init ] --END-- [ RunTime:0.000000s ]
ERR: Êó†Ê≥ïÂä†ËΩΩÊ®°Âùó:Ykj

[ 2018-07-28T15:19:30+08:00 ] 127.0.0.1 /ykj/Application/Admin/Public/css/main.css
INFO: [ app_init ] --START--
INFO: Run Behavior\BuildLiteBehavior [ RunTime:0.000000s ]
INFO: [ app_init ] --END-- [ RunTime:0.000000s ]
ERR: Êó†Ê≥ïÂä†ËΩΩÊ®°Âùó:Ykj

[ 2018-07-28T15:19:30+08:00 ] 127.0.0.1 /ykj/Application/Admin/Public/js/libs/modernizr.min.js
INFO: [ app_init ] --START--
INFO: Run Behavior\BuildLiteBehavior [ RunTime:0.000000s ]
INFO: [ app_init ] --END-- [ RunTime:0.000000s ]
ERR: Êó†Ê≥ïÂä†ËΩΩÊ®°Âùó:Ykj

[ 2018-07-28T15:19:30+08:00 ] 127.0.0.1 /ykj/Application/Admin/Public/css/common.css
INFO: [ app_init ] --START--
INFO: Run Behavior\BuildLiteBehavior [ RunTime:0.000000s ]
INFO: [ app_init ] --END-- [ RunTime:0.000000s ]
ERR: Êó†Ê≥ïÂä†ËΩΩÊ®°Âùó:Ykj

[ 2018-07-28T15:19:30+08:00 ] 127.0.0.1 /ykj/Application/Admin/Public/css/main.css
INFO: [ app_init ] --START--
INFO: Run Behavior\BuildLiteBehavior [ RunTime:0.000000s ]
INFO: [ app_init ] --END-- [ RunTime:0.000000s ]
ERR: Êó†Ê≥ïÂä†ËΩΩÊ®°Âùó:Ykj

[ 2018-07-28T15:19:30+08:00 ] 127.0.0.1 /ykj/Application/Admin/Public/js/libs/modernizr.min.js
INFO: [ app_init ] --START--
INFO: Run Behavior\BuildLiteBehavior [ RunTime:0.000000s ]
INFO: [ app_init ] --END-- [ RunTime:0.000000s ]
ERR: Êó†Ê≥ïÂä†ËΩΩÊ®°Âùó:Ykj

[ 2018-07-28T15:19:31+08:00 ] 127.0.0.1 /ykj/Application/Admin/Public/css/common.css
INFO: [ app_init ] --START--
INFO: Run Behavior\BuildLiteBehavior [ RunTime:0.000000s ]
INFO: [ app_init ] --END-- [ RunTime:0.001000s ]
ERR: Êó†Ê≥ïÂä†ËΩΩÊ®°Âùó:Ykj

[ 2018-07-28T15:19:31+08:00 ] 127.0.0.1 /ykj/Application/Admin/Public/css/main.css
INFO: [ app_init ] --START--
INFO: Run Behavior\BuildLiteBehavior [ RunTime:0.000000s ]
INFO: [ app_init ] --END-- [ RunTime:0.000000s ]
ERR: Êó†Ê≥ïÂä†ËΩΩÊ®°Âùó:Ykj

[ 2018-07-28T15:19:31+08:00 ] 127.0.0.1 /ykj/Application/Admin/Public/js/libs/modernizr.min.js
INFO: [ app_init ] --START--
INFO: Run Behavior\BuildLiteBehavior [ RunTime:0.000000s ]
INFO: [ app_init ] --END-- [ RunTime:0.000000s ]
ERR: Êó†Ê≥ïÂä†ËΩΩÊ®°Âùó:Ykj

[ 2018-07-28T15:19:31+08:00 ] 127.0.0.1 /ykj/Application/Admin/Public/css/common.css
INFO: [ app_init ] --START--
INFO: Run Behavior\BuildLiteBehavior [ RunTime:0.000000s ]
INFO: [ app_init ] --END-- [ RunTime:0.001000s ]
ERR: Êó†Ê≥ïÂä†ËΩΩÊ®°Âùó:Ykj

[ 2018-07-28T15:19:31+08:00 ] 127.0.0.1 /ykj/Application/Admin/Public/css/main.css
INFO: [ app_init ] --START--
INFO: Run Behavior\BuildLiteBehavior [ RunTime:0.000000s ]
INFO: [ app_init ] --END-- [ RunTime:0.001000s ]
ERR: Êó†Ê≥ïÂä†ËΩΩÊ®°Âùó:Ykj

[ 2018-07-28T15:19:31+08:00 ] 127.0.0.1 /ykj/Application/Admin/Public/js/libs/modernizr.min.js
INFO: [ app_init ] --START--
INFO: Run Behavior\BuildLiteBehavior [ RunTime:0.000000s ]
INFO: [ app_init ] --END-- [ RunTime:0.000000s ]
ERR: Êó†Ê≥ïÂä†ËΩΩÊ®°Âùó:Ykj

[ 2018-07-28T15:19:32+08:00 ] 127.0.0.1 /ykj/Application/Admin/Public/css/main.css
INFO: [ app_init ] --START--
INFO: Run Behavior\BuildLiteBehavior [ RunTime:0.000000s ]
INFO: [ app_init ] --END-- [ RunTime:0.001000s ]
ERR: Êó†Ê≥ïÂä†ËΩΩÊ®°Âùó:Ykj

[ 2018-07-28T15:19:32+08:00 ] 127.0.0.1 /ykj/Application/Admin/Public/js/libs/modernizr.min.js
INFO: [ app_init ] --START--
INFO: Run Behavior\BuildLiteBehavior [ RunTime:0.000000s ]
INFO: [ app_init ] --END-- [ RunTime:0.000000s ]
ERR: Êó†Ê≥ïÂä†ËΩΩÊ®°Âùó:Ykj

[ 2018-07-28T15:19:32+08:00 ] 127.0.0.1 /ykj/Application/Admin/Public/css/common.css
INFO: [ app_init ] --START--
INFO: Run Behavior\BuildLiteBehavior [ RunTime:0.000000s ]
INFO: [ app_init ] --END-- [ RunTime:0.000000s ]
ERR: Êó†Ê≥ïÂä†ËΩΩÊ®°Âùó:Ykj

[ 2018-07-28T15:19:32+08:00 ] 127.0.0.1 /ykj/Application/Admin/Public/css/main.css
INFO: [ app_init ] --START--
INFO: Run Behavior\BuildLiteBehavior [ RunTime:0.000000s ]
INFO: [ app_init ] --END-- [ RunTime:0.000000s ]
ERR: Êó†Ê≥ïÂä†ËΩΩÊ®°Âùó:Ykj

[ 2018-07-28T15:19:32+08:00 ] 127.0.0.1 /ykj/Application/Admin/Public/css/common.css
INFO: [ app_init ] --START--
INFO: Run Behavior\BuildLiteBehavior [ RunTime:0.000000s ]
INFO: [ app_init ] --END-- [ RunTime:0.000000s ]
ERR: Êó†Ê≥ïÂä†ËΩΩÊ®°Âùó:Ykj

[ 2018-07-28T15:19:32+08:00 ] 127.0.0.1 /ykj/Application/Admin/Public/js/libs/modernizr.min.js
INFO: [ app_init ] --START--
INFO: Run Behavior\BuildLiteBehavior [ RunTime:0.000000s ]
INFO: [ app_init ] --END-- [ RunTime:0.001000s ]
ERR: Êó†Ê≥ïÂä†ËΩΩÊ®°Âùó:Ykj

[ 2018-07-28T15:19:44+08:00 ] 127.0.0.1 /ykj/Application/Admin/Public/css/common.css
INFO: [ app_init ] --START--
INFO: Run Behavior\BuildLiteBehavior [ RunTime:0.000000s ]
INFO: [ app_init ] --END-- [ RunTime:0.001000s ]
ERR: Êó†Ê≥ïÂä†ËΩΩÊ®°Âùó:Ykj

[ 2018-07-28T15:19:44+08:00 ] 127.0.0.1 /ykj/Application/Admin/Public/css/main.css
INFO: [ app_init ] --START--
INFO: Run Behavior\BuildLiteBehavior [ RunTime:0.000000s ]
INFO: [ app_init ] --END-- [ RunTime:0.000000s ]
ERR: Êó†Ê≥ïÂä†ËΩΩÊ®°Âùó:Ykj

[ 2018-07-28T15:19:44+08:00 ] 127.0.0.1 /ykj/Application/Admin/Public/js/libs/modernizr.min.js
INFO: [ app_init ] --START--
INFO: Run Behavior\BuildLiteBehavior [ RunTime:0.000000s ]
INFO: [ app_init ] --END-- [ RunTime:0.000000s ]
ERR: Êó†Ê≥ïÂä†ËΩΩÊ®°Âùó:Ykj

[ 2018-07-28T15:19:55+08:00 ] 127.0.0.1 /ykj/Application/Admin/Public/js/libs/modernizr.min.js
INFO: [ app_init ] --START--
INFO: Run Behavior\BuildLiteBehavior [ RunTime:0.000000s ]
INFO: [ app_init ] --END-- [ RunTime:0.000000s ]
ERR: Êó†Ê≥ïÂä†ËΩΩÊ®°Âùó:Ykj

[ 2018-07-28T15:19:55+08:00 ] 127.0.0.1 /ykj/Application/Admin/Public/css/common.css
INFO: [ app_init ] --START--
INFO: Run Behavior\BuildLiteBehavior [ RunTime:0.000000s ]
INFO: [ app_init ] --END-- [ RunTime:0.000000s ]
ERR: Êó†Ê≥ïÂä†ËΩΩÊ®°Âùó:Ykj

[ 2018-07-28T15:19:55+08:00 ] 127.0.0.1 /ykj/Application/Admin/Public/css/main.css
INFO: [ app_init ] --START--
INFO: Run Behavior\BuildLiteBehavior [ RunTime:0.000000s ]
INFO: [ app_init ] --END-- [ RunTime:0.000000s ]
ERR: Êó†Ê≥ïÂä†ËΩΩÊ®°Âùó:Ykj

[ 2018-07-28T15:20:01+08:00 ] 127.0.0.1 /ykj/Application/Admin/Public/Admin/css/admin_login.css
INFO: [ app_init ] --START--
INFO: Run Behavior\BuildLiteBehavior [ RunTime:0.000000s ]
INFO: [ app_init ] --END-- [ RunTime:0.000000s ]
ERR: Êó†Ê≥ïÂä†ËΩΩÊ®°Âùó:Ykj

[ 2018-07-28T15:20:03+08:00 ] 127.0.0.1 /ykj/Application/Admin/Public/Admin/css/admin_login.css
INFO: [ app_init ] --START--
INFO: Run Behavior\BuildLiteBehavior [ RunTime:0.000000s ]
INFO: [ app_init ] --END-- [ RunTime:0.000000s ]
ERR: Êó†Ê≥ïÂä†ËΩΩÊ®°Âùó:Ykj

[ 2018-07-28T15:20:03+08:00 ] 127.0.0.1 /ykj/Application/Admin/Public/Admin/css/admin_login.css
INFO: [ app_init ] --START--
INFO: Run Behavior\BuildLiteBehavior [ RunTime:0.000000s ]
INFO: [ app_init ] --END-- [ RunTime:0.000000s ]
ERR: Êó†Ê≥ïÂä†ËΩΩÊ®°Âùó:Ykj

[ 2018-07-28T15:20:03+08:00 ] 127.0.0.1 /ykj/Application/Admin/Public/Admin/css/admin_login.css
INFO: [ app_init ] --START--
INFO: Run Behavior\BuildLiteBehavior [ RunTime:0.000000s ]
INFO: [ app_init ] --END-- [ RunTime:0.000000s ]
ERR: Êó†Ê≥ïÂä†ËΩΩÊ®°Âùó:Ykj

[ 2018-07-28T15:20:04+08:00 ] 127.0.0.1 /ykj/Application/Admin/Public/Admin/css/admin_login.css
INFO: [ app_init ] --START--
INFO: Run Behavior\BuildLiteBehavior [ RunTime:0.000000s ]
INFO: [ app_init ] --END-- [ RunTime:0.000000s ]
ERR: Êó†Ê≥ïÂä†ËΩΩÊ®°Âùó:Ykj

